<html xmlns:math="http://exslt.org/math" xmlns:testng="http://testng.org">
   <head>
      <title>TestNG Results</title>
      <meta http-equiv="content-type" content="text/html; charset=utf-8"></meta>
      <meta http-equiv="pragma" content="no-cache"></meta>
      <meta http-equiv="cache-control" content="max-age=0"></meta>
      <meta http-equiv="cache-control" content="no-cache"></meta>
      <meta http-equiv="cache-control" content="no-store"></meta>
      <LINK rel="stylesheet" href="style.css"></LINK>
      <script type="text/javascript" src="main.js"></script>
   </head>
   <body>
      <table width="100%" style="font-size: 16px; margin-bottom: 10px;" cellspacing="1">
         <tr>
            <td width="100%">
               Test case
               
               <b>Default test</b>
            </td>
            <td style="background-color: #FFBBBB; padding: 3px 3px 3px 0;" align="center">
               <div style="width: 50px;">1</div>
            </td>
            <td style="background-color: lightgreen; padding: 3px 3px 3px 0;" align="center">
               <div style="width: 50px;">0</div>
            </td>
            <td style="background-color: #FFFFBB; padding: 3px 3px 3px 0;" align="center">
               <div style="width: 50px;">0</div>
            </td>
            <td align="center" style="background-color: #eaf0f7; padding: 3px 3px 3px 0;">
               <div style="width: 50px;">1</div>
            </td>
            <td align="center"
                style="font-weight: bold; background-color: #eaf0f7; padding: 3px 3px 3px 0;">
               <div style="width: 50px;">0%</div>
            </td>
            <td style="background-color: #eaf0f7; padding: 3px 3px 3px 0;" align="center"
                nowrap="true">1m
               31s
               
            </td>
         </tr>
      </table>
      <div style="width: 200px;">
         <label for="groupMethodsCheckBox" style="font-weight: bold; margin: 0;">
            <input id="groupMethodsCheckBox" type="checkbox" onclick="switchTestMethodsView(this)"
                   checked=""></input>
            Group by class
            
         </label>
         <br></br>
         <label for="methodsFilter_ALL" style="font-weight: bold; margin: 0;">
            <input id="methodsFilter_ALL" type="checkbox"
                   onclick="testMethodsFilterChanged(this, 'ALL')"
                   checked=""></input>
            All
            
         </label>
      </div>
      <label for="methodsFilter_FAIL" style="margin-left: 20px;">
         <input id="methodsFilter_FAIL" type="checkbox"
                onclick="testMethodsFilterChanged(this, 'FAIL')"
                checked=""></input>
         Failed
         
      </label>
      <label for="methodsFilter_PASS">
         <input id="methodsFilter_PASS" type="checkbox"
                onclick="testMethodsFilterChanged(this, 'PASS')"
                checked=""></input>
         Passed
         
      </label>
      <label for="methodsFilter_SKIP">
         <input id="methodsFilter_SKIP" type="checkbox"
                onclick="testMethodsFilterChanged(this, 'SKIP')"
                checked=""></input>
         Skipped
         
      </label>
      <label for="methodsFilter_CONF">
         <input id="methodsFilter_CONF" type="checkbox"
                onclick="testMethodsFilterChanged(this, 'CONF')"
                checked=""></input>
         Config
         
      </label>
      <br></br>
      <div id="testMethodsByStatus" style="display: none;">
         <table class="testMethodsTable" cellpadding="0" cellspacing="0">
            <tr class="methodsTableHeader">
               <td width="100%">Name</td>
               <td nowrap="true">Started</td>
               <td nowrap="true">Duration</td>
               <td>Exception</td>
            </tr>
            <tr id="csx_offer.Csx_MandatoryFields_OfferConfiguration_Mandatory_Fields_byStatus_failed_FAIL1_row"
                class="testMethodStatusFAIL">
               <td width="100%" class="firstMethodCell">
                  <a onclick="toggleDetailsVisibility('csx_offer.Csx_MandatoryFields_OfferConfiguration_Mandatory_Fields_byStatus_failed_FAIL1_details')">OfferConfiguration_Mandatory_Fields()</a>
               </td>
               <td nowrap="true">23:51:35</td>
               <td nowrap="true" align="right">1m
                  31s
                  
               </td>
               <td nowrap="true">
                  <a onclick="toggleDetailsVisibility('csx_offer.Csx_MandatoryFields_OfferConfiguration_Mandatory_Fields_byStatus_failed_FAIL1_exception')">org.openqa.selenium.ElementNotInteractableException: 
                     Element &lt;span class="cust-success-icon icon-for-add disabled"&gt; could not be scrolled into view
                     Build info: version: '3.14.0', revision: 'aacccce0', time: '2018-08-02T20:05:20.749Z'
                     System info: host: 'SHIWASIN-T5X72', ip: '10.65.72.234', os.name: 'Windows 10', os.arch: 'amd64', os.version: '10.0', java.version:
                     '1.8.0_181'
                     Driver info: org.openqa.selenium.firefox.FirefoxDriver
                     Capabilities {acceptInsecureCerts: true, browserName: firefox, browserVersion: 59.0.2, javascriptEnabled: true, moz:accessibilityChecks:
                     false, moz:headless: false, moz:processID: 38148, moz:profile: C:\Users\shiwasin.PARTNERS\..., moz:useNonSpecCompliantPointerOrigin:
                     false, moz:webdriverClick: true, pageLoadStrategy: normal, platform: XP, platformName: XP, platformVersion: 10.0, rotatable:
                     false, timeouts: {implicit: 0, pageLoad: 300000, script: 30000}}
                     Session ID: fb53ff72-7d98-427c-a375-27038820c82d
                     
                  </a>
                   
                  
               </td>
            </tr>
            <tr>
               <td colspan="4" class="detailsBox">
                  <div id="csx_offer.Csx_MandatoryFields_OfferConfiguration_Mandatory_Fields_byStatus_failed_FAIL1_details"
                       class="testMethodDetails">
                     <div>
                        <b>Name: </b>OfferConfiguration_Mandatory_Fields
                     </div>
                     <div>
                        <b>Signature: </b>OfferConfiguration_Mandatory_Fields()[pri:0, instance:csx_offer.Csx_MandatoryFields@33a10788]
                     </div>
                     <div>
                        <b>Start time: </b>23:51:35
                     </div>
                     <div>
                        <b>End time: </b>23:53:07
                     </div>
                     <div>
                        <b>Duration: </b>1m
                        31s
                        
                     </div>
                  </div>
               </td>
            </tr>
            <tr>
               <td colspan="4" class="detailsBox">
                  <div id="csx_offer.Csx_MandatoryFields_OfferConfiguration_Mandatory_Fields_byStatus_failed_FAIL1_exception"
                       class="testMethodDetails">
                     <pre style="padding: 5px; margin: 0;">org.openqa.selenium.ElementNotInteractableException: Element &lt;span class="cust-success-icon icon-for-add disabled"&gt; could
                        not be scrolled into view
                        Build info: version: '3.14.0', revision: 'aacccce0', time: '2018-08-02T20:05:20.749Z'
                        System info: host: 'SHIWASIN-T5X72', ip: '10.65.72.234', os.name: 'Windows 10', os.arch: 'amd64', os.version: '10.0', java.version:
                        '1.8.0_181'
                        Driver info: org.openqa.selenium.firefox.FirefoxDriver
                        Capabilities {acceptInsecureCerts: true, browserName: firefox, browserVersion: 59.0.2, javascriptEnabled: true, moz:accessibilityChecks:
                        false, moz:headless: false, moz:processID: 38148, moz:profile: C:\Users\shiwasin.PARTNERS\..., moz:useNonSpecCompliantPointerOrigin:
                        false, moz:webdriverClick: true, pageLoadStrategy: normal, platform: XP, platformName: XP, platformVersion: 10.0, rotatable:
                        false, timeouts: {implicit: 0, pageLoad: 300000, script: 30000}}
                        Session ID: fb53ff72-7d98-427c-a375-27038820c82d
                        	at sun.reflect.NativeConstructorAccessorImpl.newInstance0(Native Method)
                        	at sun.reflect.NativeConstructorAccessorImpl.newInstance(Unknown Source)
                        	at sun.reflect.DelegatingConstructorAccessorImpl.newInstance(Unknown Source)
                        	at java.lang.reflect.Constructor.newInstance(Unknown Source)
                        	at org.openqa.selenium.remote.http.W3CHttpResponseCodec.createException(W3CHttpResponseCodec.java:187)
                        	at org.openqa.selenium.remote.http.W3CHttpResponseCodec.decode(W3CHttpResponseCodec.java:122)
                        	at org.openqa.selenium.remote.http.W3CHttpResponseCodec.decode(W3CHttpResponseCodec.java:49)
                        	at org.openqa.selenium.remote.HttpCommandExecutor.execute(HttpCommandExecutor.java:158)
                        	at org.openqa.selenium.remote.service.DriverCommandExecutor.execute(DriverCommandExecutor.java:83)
                        	at org.openqa.selenium.remote.RemoteWebDriver.execute(RemoteWebDriver.java:548)
                        	at org.openqa.selenium.remote.RemoteWebElement.execute(RemoteWebElement.java:276)
                        	at org.openqa.selenium.remote.RemoteWebElement.click(RemoteWebElement.java:83)
                        	at csx_offer.Csx_MandatoryFields.OfferConfiguration_Mandatory_Fields(Csx_MandatoryFields.java:43)
                        	at sun.reflect.NativeMethodAccessorImpl.invoke0(Native Method)
                        	at sun.reflect.NativeMethodAccessorImpl.invoke(Unknown Source)
                        	at sun.reflect.DelegatingMethodAccessorImpl.invoke(Unknown Source)
                        	at java.lang.reflect.Method.invoke(Unknown Source)
                        	at org.testng.internal.MethodInvocationHelper.invokeMethod(MethodInvocationHelper.java:86)
                        	at org.testng.internal.Invoker.invokeMethod(Invoker.java:645)
                        	at org.testng.internal.Invoker.invokeTestMethod(Invoker.java:822)
                        	at org.testng.internal.Invoker.invokeTestMethods(Invoker.java:1130)
                        	at org.testng.internal.TestMethodWorker.invokeTestMethods(TestMethodWorker.java:129)
                        	at org.testng.internal.TestMethodWorker.run(TestMethodWorker.java:112)
                        	at org.testng.TestRunner.privateRun(TestRunner.java:782)
                        	at org.testng.TestRunner.run(TestRunner.java:632)
                        	at org.testng.SuiteRunner.runTest(SuiteRunner.java:366)
                        	at org.testng.SuiteRunner.runSequentially(SuiteRunner.java:361)
                        	at org.testng.SuiteRunner.privateRun(SuiteRunner.java:319)
                        	at org.testng.SuiteRunner.run(SuiteRunner.java:268)
                        	at org.testng.SuiteRunnerWorker.runSuite(SuiteRunnerWorker.java:52)
                        	at org.testng.SuiteRunnerWorker.run(SuiteRunnerWorker.java:86)
                        	at org.testng.TestNG.runSuitesSequentially(TestNG.java:1244)
                        	at org.testng.TestNG.runSuitesLocally(TestNG.java:1169)
                        	at org.testng.TestNG.run(TestNG.java:1064)
                        	at org.testng.remote.RemoteTestNG.run(RemoteTestNG.java:113)
                        	at org.testng.remote.RemoteTestNG.initAndRun(RemoteTestNG.java:206)
                        	at org.testng.remote.RemoteTestNG.main(RemoteTestNG.java:177)
                     </pre>
                  </div>
               </td>
            </tr>
         </table>
      </div>
      <div id="testMethodsByClass">
         <table class="testMethodsTable" cellpadding="0" cellspacing="0">
            <tr>
               <td colspan="4">
                  <h3 style="display: inline;">csx_offer.Csx_MandatoryFields</h3>
               </td>
            </tr>
            <tr class="methodsTableHeader">
               <td width="100%">Name</td>
               <td nowrap="true">Started</td>
               <td nowrap="true">Duration</td>
               <td>Exception</td>
            </tr>
            <tr id="csx_offer.Csx_MandatoryFields_OfferConfiguration_Mandatory_Fields_byClass_FAIL1_row"
                class="testMethodStatusFAIL">
               <td width="100%" class="firstMethodCell">
                  <a onclick="toggleDetailsVisibility('csx_offer.Csx_MandatoryFields_OfferConfiguration_Mandatory_Fields_byClass_FAIL1_details')">OfferConfiguration_Mandatory_Fields()</a>
               </td>
               <td nowrap="true">23:51:35</td>
               <td nowrap="true" align="right">1m
                  31s
                  
               </td>
               <td nowrap="true">
                  <a onclick="toggleDetailsVisibility('csx_offer.Csx_MandatoryFields_OfferConfiguration_Mandatory_Fields_byClass_FAIL1_exception')">org.openqa.selenium.ElementNotInteractableException: 
                     Element &lt;span class="cust-success-icon icon-for-add disabled"&gt; could not be scrolled into view
                     Build info: version: '3.14.0', revision: 'aacccce0', time: '2018-08-02T20:05:20.749Z'
                     System info: host: 'SHIWASIN-T5X72', ip: '10.65.72.234', os.name: 'Windows 10', os.arch: 'amd64', os.version: '10.0', java.version:
                     '1.8.0_181'
                     Driver info: org.openqa.selenium.firefox.FirefoxDriver
                     Capabilities {acceptInsecureCerts: true, browserName: firefox, browserVersion: 59.0.2, javascriptEnabled: true, moz:accessibilityChecks:
                     false, moz:headless: false, moz:processID: 38148, moz:profile: C:\Users\shiwasin.PARTNERS\..., moz:useNonSpecCompliantPointerOrigin:
                     false, moz:webdriverClick: true, pageLoadStrategy: normal, platform: XP, platformName: XP, platformVersion: 10.0, rotatable:
                     false, timeouts: {implicit: 0, pageLoad: 300000, script: 30000}}
                     Session ID: fb53ff72-7d98-427c-a375-27038820c82d
                     
                  </a>
                   
                  
               </td>
            </tr>
            <tr>
               <td colspan="4" class="detailsBox">
                  <div id="csx_offer.Csx_MandatoryFields_OfferConfiguration_Mandatory_Fields_byClass_FAIL1_details"
                       class="testMethodDetails">
                     <div>
                        <b>Name: </b>OfferConfiguration_Mandatory_Fields
                     </div>
                     <div>
                        <b>Signature: </b>OfferConfiguration_Mandatory_Fields()[pri:0, instance:csx_offer.Csx_MandatoryFields@33a10788]
                     </div>
                     <div>
                        <b>Start time: </b>23:51:35
                     </div>
                     <div>
                        <b>End time: </b>23:53:07
                     </div>
                     <div>
                        <b>Duration: </b>1m
                        31s
                        
                     </div>
                  </div>
               </td>
            </tr>
            <tr>
               <td colspan="4" class="detailsBox">
                  <div id="csx_offer.Csx_MandatoryFields_OfferConfiguration_Mandatory_Fields_byClass_FAIL1_exception"
                       class="testMethodDetails">
                     <pre style="padding: 5px; margin: 0;">org.openqa.selenium.ElementNotInteractableException: Element &lt;span class="cust-success-icon icon-for-add disabled"&gt; could
                        not be scrolled into view
                        Build info: version: '3.14.0', revision: 'aacccce0', time: '2018-08-02T20:05:20.749Z'
                        System info: host: 'SHIWASIN-T5X72', ip: '10.65.72.234', os.name: 'Windows 10', os.arch: 'amd64', os.version: '10.0', java.version:
                        '1.8.0_181'
                        Driver info: org.openqa.selenium.firefox.FirefoxDriver
                        Capabilities {acceptInsecureCerts: true, browserName: firefox, browserVersion: 59.0.2, javascriptEnabled: true, moz:accessibilityChecks:
                        false, moz:headless: false, moz:processID: 38148, moz:profile: C:\Users\shiwasin.PARTNERS\..., moz:useNonSpecCompliantPointerOrigin:
                        false, moz:webdriverClick: true, pageLoadStrategy: normal, platform: XP, platformName: XP, platformVersion: 10.0, rotatable:
                        false, timeouts: {implicit: 0, pageLoad: 300000, script: 30000}}
                        Session ID: fb53ff72-7d98-427c-a375-27038820c82d
                        	at sun.reflect.NativeConstructorAccessorImpl.newInstance0(Native Method)
                        	at sun.reflect.NativeConstructorAccessorImpl.newInstance(Unknown Source)
                        	at sun.reflect.DelegatingConstructorAccessorImpl.newInstance(Unknown Source)
                        	at java.lang.reflect.Constructor.newInstance(Unknown Source)
                        	at org.openqa.selenium.remote.http.W3CHttpResponseCodec.createException(W3CHttpResponseCodec.java:187)
                        	at org.openqa.selenium.remote.http.W3CHttpResponseCodec.decode(W3CHttpResponseCodec.java:122)
                        	at org.openqa.selenium.remote.http.W3CHttpResponseCodec.decode(W3CHttpResponseCodec.java:49)
                        	at org.openqa.selenium.remote.HttpCommandExecutor.execute(HttpCommandExecutor.java:158)
                        	at org.openqa.selenium.remote.service.DriverCommandExecutor.execute(DriverCommandExecutor.java:83)
                        	at org.openqa.selenium.remote.RemoteWebDriver.execute(RemoteWebDriver.java:548)
                        	at org.openqa.selenium.remote.RemoteWebElement.execute(RemoteWebElement.java:276)
                        	at org.openqa.selenium.remote.RemoteWebElement.click(RemoteWebElement.java:83)
                        	at csx_offer.Csx_MandatoryFields.OfferConfiguration_Mandatory_Fields(Csx_MandatoryFields.java:43)
                        	at sun.reflect.NativeMethodAccessorImpl.invoke0(Native Method)
                        	at sun.reflect.NativeMethodAccessorImpl.invoke(Unknown Source)
                        	at sun.reflect.DelegatingMethodAccessorImpl.invoke(Unknown Source)
                        	at java.lang.reflect.Method.invoke(Unknown Source)
                        	at org.testng.internal.MethodInvocationHelper.invokeMethod(MethodInvocationHelper.java:86)
                        	at org.testng.internal.Invoker.invokeMethod(Invoker.java:645)
                        	at org.testng.internal.Invoker.invokeTestMethod(Invoker.java:822)
                        	at org.testng.internal.Invoker.invokeTestMethods(Invoker.java:1130)
                        	at org.testng.internal.TestMethodWorker.invokeTestMethods(TestMethodWorker.java:129)
                        	at org.testng.internal.TestMethodWorker.run(TestMethodWorker.java:112)
                        	at org.testng.TestRunner.privateRun(TestRunner.java:782)
                        	at org.testng.TestRunner.run(TestRunner.java:632)
                        	at org.testng.SuiteRunner.runTest(SuiteRunner.java:366)
                        	at org.testng.SuiteRunner.runSequentially(SuiteRunner.java:361)
                        	at org.testng.SuiteRunner.privateRun(SuiteRunner.java:319)
                        	at org.testng.SuiteRunner.run(SuiteRunner.java:268)
                        	at org.testng.SuiteRunnerWorker.runSuite(SuiteRunnerWorker.java:52)
                        	at org.testng.SuiteRunnerWorker.run(SuiteRunnerWorker.java:86)
                        	at org.testng.TestNG.runSuitesSequentially(TestNG.java:1244)
                        	at org.testng.TestNG.runSuitesLocally(TestNG.java:1169)
                        	at org.testng.TestNG.run(TestNG.java:1064)
                        	at org.testng.remote.RemoteTestNG.run(RemoteTestNG.java:113)
                        	at org.testng.remote.RemoteTestNG.initAndRun(RemoteTestNG.java:206)
                        	at org.testng.remote.RemoteTestNG.main(RemoteTestNG.java:177)
                     </pre>
                  </div>
               </td>
            </tr>
         </table>
         <br></br>
      </div>
      <div style="margin-top: 15px; color: gray; text-align: center; font-size: 9px;">
         Generated with
         
         <a href="http://code.google.com/p/testng-xslt/" style="color: #8888aa;"
            target="_blank">
            TestNG XSLT
            
         </a>
      </div>
   </body>
</html>