<?xml version="1.0" encoding="UTF-8"?>
<testng-results skipped="0" failed="0" total="1" passed="1">
  <reporter-output>
  </reporter-output>
  <suite name="Default suite" duration-ms="39727" started-at="2018-10-24T10:08:57Z" finished-at="2018-10-24T10:09:37Z">
    <groups>
    </groups>
    <test name="Default test" duration-ms="39727" started-at="2018-10-24T10:08:57Z" finished-at="2018-10-24T10:09:37Z">
      <class name="csx_offer.Create_Offer_byGuest">
        <test-method status="PASS" signature="verify_addoffer_isDisable()[pri:0, instance:csx_offer.Create_Offer_byGuest@33a10788]" name="verify_addoffer_isDisable" duration-ms="39705" started-at="2018-10-24T15:38:57Z" finished-at="2018-10-24T15:39:37Z">
          <reporter-output>
          </reporter-output>
        </test-method> <!-- verify_addoffer_isDisable -->
      </class> <!-- csx_offer.Create_Offer_byGuest -->
    </test> <!-- Default test -->
  </suite> <!-- Default suite -->
</testng-results>
